<?xml version="1.0" encoding="UTF-8"?>
<!-- Generated by org.testng.reporters.JUnitReportReporter -->
<testsuite hostname="ZA-5CD350K5XF" failures="0" tests="3" name="com.spotify.tests.User" time="2.775" errors="0" timestamp="2024-12-05T11:01:28 SAST" skipped="2">
  <testcase classname="com.spotify.tests.User" name="testGetInvalid" time="2.775"/>
  <testcase classname="com.spotify.tests.User" name="testGetvalid">
    <skipped/>
  </testcase> <!-- testGetvalid -->
  <testcase classname="com.spotify.tests.User" name="testGet">
    <skipped/>
  </testcase> <!-- testGet -->
</testsuite> <!-- com.spotify.tests.User -->
