<?xml version="1.0" encoding="UTF-8"?>
<!-- Generated by org.testng.reporters.JUnitReportReporter -->
<testsuite hostname="ZA-5CD350K5XF" failures="0" tests="8" name="com.spotify.tests.PlayList" time="2.284" errors="0" timestamp="2024-12-05T13:02:43 SAST" skipped="6">
  <testcase classname="com.spotify.tests.PlayList" name="testCreatePlaylist" time="1.983"/>
  <testcase classname="com.spotify.tests.PlayList" name="testAddPlaylistInvalid" time="0.301"/>
  <testcase classname="com.spotify.tests.PlayList" name="testAddPlaylist">
    <skipped/>
  </testcase> <!-- testAddPlaylist -->
  <testcase classname="com.spotify.tests.PlayList" name="testCreatePlaylistvalid">
    <skipped/>
  </testcase> <!-- testCreatePlaylistvalid -->
  <testcase classname="com.spotify.tests.PlayList" name="testDeletePlaylist">
    <skipped/>
  </testcase> <!-- testDeletePlaylist -->
  <testcase classname="com.spotify.tests.PlayList" name="testGetPlaylistWithinvalidToken">
    <skipped/>
  </testcase> <!-- testGetPlaylistWithinvalidToken -->
  <testcase classname="com.spotify.tests.PlayList" name="testGetPlaylistWithvalidToken">
    <skipped/>
  </testcase> <!-- testGetPlaylistWithvalidToken -->
  <testcase classname="com.spotify.tests.PlayList" name="testUpdatePlaylist">
    <skipped/>
  </testcase> <!-- testUpdatePlaylist -->
</testsuite> <!-- com.spotify.tests.PlayList -->
